Performing C++ SOURCE FILE Test CMAKE_HAVE_LIBC_PTHREAD failed with the following output:
Change Dir: /home/varma/Repos/cmake_demo/CMakeFiles/CMakeTmp

Run Build Command(s):/usr/bin/make cmTC_e1838/fast && /usr/bin/make  -f CMakeFiles/cmTC_e1838.dir/build.make CMakeFiles/cmTC_e1838.dir/build
make[1]: Entering directory '/home/varma/Repos/cmake_demo/CMakeFiles/CMakeTmp'
Building CXX object CMakeFiles/cmTC_e1838.dir/src.cxx.o
/usr/bin/c++   -DCMAKE_HAVE_LIBC_PTHREAD -o CMakeFiles/cmTC_e1838.dir/src.cxx.o -c /home/varma/Repos/cmake_demo/CMakeFiles/CMakeTmp/src.cxx
Linking CXX executable cmTC_e1838
/home/varma/.local/lib/python2.7/site-packages/cmake/data/bin/cmake -E cmake_link_script CMakeFiles/cmTC_e1838.dir/link.txt --verbose=1
/usr/bin/c++  -DCMAKE_HAVE_LIBC_PTHREAD CMakeFiles/cmTC_e1838.dir/src.cxx.o -o cmTC_e1838 
CMakeFiles/cmTC_e1838.dir/src.cxx.o: In function `main':
src.cxx:(.text+0x3e): undefined reference to `pthread_create'
src.cxx:(.text+0x4a): undefined reference to `pthread_detach'
src.cxx:(.text+0x56): undefined reference to `pthread_cancel'
src.cxx:(.text+0x67): undefined reference to `pthread_join'
src.cxx:(.text+0x7b): undefined reference to `pthread_atfork'
collect2: error: ld returned 1 exit status
CMakeFiles/cmTC_e1838.dir/build.make:105: recipe for target 'cmTC_e1838' failed
make[1]: *** [cmTC_e1838] Error 1
make[1]: Leaving directory '/home/varma/Repos/cmake_demo/CMakeFiles/CMakeTmp'
Makefile:140: recipe for target 'cmTC_e1838/fast' failed
make: *** [cmTC_e1838/fast] Error 2


Source file was:
#include <pthread.h>

void* test_func(void* data)
{
  return data;
}

int main(void)
{
  pthread_t thread;
  pthread_create(&thread, NULL, test_func, NULL);
  pthread_detach(thread);
  pthread_cancel(thread);
  pthread_join(thread, NULL);
  pthread_atfork(NULL, NULL, NULL);
  pthread_exit(NULL);

  return 0;
}

Determining if the function pthread_create exists in the pthreads failed with the following output:
Change Dir: /home/varma/Repos/cmake_demo/CMakeFiles/CMakeTmp

Run Build Command(s):/usr/bin/make cmTC_8969b/fast && /usr/bin/make  -f CMakeFiles/cmTC_8969b.dir/build.make CMakeFiles/cmTC_8969b.dir/build
make[1]: Entering directory '/home/varma/Repos/cmake_demo/CMakeFiles/CMakeTmp'
Building CXX object CMakeFiles/cmTC_8969b.dir/CheckFunctionExists.cxx.o
/usr/bin/c++   -DCHECK_FUNCTION_EXISTS=pthread_create -o CMakeFiles/cmTC_8969b.dir/CheckFunctionExists.cxx.o -c /home/varma/Repos/cmake_demo/CMakeFiles/CheckLibraryExists/CheckFunctionExists.cxx
Linking CXX executable cmTC_8969b
/home/varma/.local/lib/python2.7/site-packages/cmake/data/bin/cmake -E cmake_link_script CMakeFiles/cmTC_8969b.dir/link.txt --verbose=1
/usr/bin/c++  -DCHECK_FUNCTION_EXISTS=pthread_create CMakeFiles/cmTC_8969b.dir/CheckFunctionExists.cxx.o -o cmTC_8969b  -lpthreads 
/usr/bin/ld: cannot find -lpthreads
collect2: error: ld returned 1 exit status
CMakeFiles/cmTC_8969b.dir/build.make:105: recipe for target 'cmTC_8969b' failed
make[1]: *** [cmTC_8969b] Error 1
make[1]: Leaving directory '/home/varma/Repos/cmake_demo/CMakeFiles/CMakeTmp'
Makefile:140: recipe for target 'cmTC_8969b/fast' failed
make: *** [cmTC_8969b/fast] Error 2



